<?xml version="1.0" encoding="UTF-8"?>
<testsuite xmlns:xsi="http://www.w3.org/2001/XMLSchema-instance" xsi:noNamespaceSchemaLocation="https://maven.apache.org/surefire/maven-surefire-plugin/xsd/surefire-test-report.xsd" name="com.liuxinchi.dao.UserDaoTest" time="2.689" tests="6" errors="0" skipped="0" failures="0">
  <properties>
    <property name="awt.toolkit" value="sun.awt.X11.XToolkit"/>
    <property name="java.specification.version" value="11"/>
    <property name="sun.cpu.isalist" value=""/>
    <property name="sun.jnu.encoding" value="UTF-8"/>
    <property name="java.class.path" value="/home/liuxinchi/javalearn/mybatislearn/mybatis-01/target/test-classes:/home/liuxinchi/javalearn/mybatislearn/mybatis-01/target/classes:/home/liuxinchi/.m2/repository/junit/junit/4.11/junit-4.11.jar:/home/liuxinchi/.m2/repository/org/hamcrest/hamcrest-core/1.3/hamcrest-core-1.3.jar:/home/liuxinchi/.m2/repository/org/mybatis/mybatis/3.5.6/mybatis-3.5.6.jar:/home/liuxinchi/.m2/repository/mysql/mysql-connector-java/8.0.23/mysql-connector-java-8.0.23.jar:/home/liuxinchi/.m2/repository/com/google/protobuf/protobuf-java/3.11.4/protobuf-java-3.11.4.jar:"/>
    <property name="java.vm.vendor" value="Oracle Corporation"/>
    <property name="sun.arch.data.model" value="64"/>
    <property name="java.vendor.url" value="https://openjdk.java.net/"/>
    <property name="user.timezone" value=""/>
    <property name="java.vm.specification.version" value="11"/>
    <property name="os.name" value="Linux"/>
    <property name="sun.java.launcher" value="SUN_STANDARD"/>
    <property name="user.country" value="US"/>
    <property name="sun.boot.library.path" value="/usr/local/java/jdk-11.0.10/lib"/>
    <property name="sun.java.command" value="/home/liuxinchi/javalearn/mybatislearn/mybatis-01/target/surefire/surefirebooter11928023085233542190.jar /home/liuxinchi/javalearn/mybatislearn/mybatis-01/target/surefire 2021-04-20T09-50-37_628-jvmRun1 surefire4876118490710311989tmp surefire_0962364932494438491tmp"/>
    <property name="jdk.debug" value="release"/>
    <property name="surefire.test.class.path" value="/home/liuxinchi/javalearn/mybatislearn/mybatis-01/target/test-classes:/home/liuxinchi/javalearn/mybatislearn/mybatis-01/target/classes:/home/liuxinchi/.m2/repository/junit/junit/4.11/junit-4.11.jar:/home/liuxinchi/.m2/repository/org/hamcrest/hamcrest-core/1.3/hamcrest-core-1.3.jar:/home/liuxinchi/.m2/repository/org/mybatis/mybatis/3.5.6/mybatis-3.5.6.jar:/home/liuxinchi/.m2/repository/mysql/mysql-connector-java/8.0.23/mysql-connector-java-8.0.23.jar:/home/liuxinchi/.m2/repository/com/google/protobuf/protobuf-java/3.11.4/protobuf-java-3.11.4.jar:"/>
    <property name="sun.cpu.endian" value="little"/>
    <property name="user.home" value="/home/liuxinchi"/>
    <property name="user.language" value="en"/>
    <property name="java.specification.vendor" value="Oracle Corporation"/>
    <property name="java.version.date" value="2021-01-19"/>
    <property name="java.home" value="/usr/local/java/jdk-11.0.10"/>
    <property name="file.separator" value="/"/>
    <property name="basedir" value="/home/liuxinchi/javalearn/mybatislearn/mybatis-01"/>
    <property name="java.vm.compressedOopsMode" value="32-bit"/>
    <property name="line.separator" value="&#10;"/>
    <property name="java.specification.name" value="Java Platform API Specification"/>
    <property name="java.vm.specification.vendor" value="Oracle Corporation"/>
    <property name="java.awt.graphicsenv" value="sun.awt.X11GraphicsEnvironment"/>
    <property name="surefire.real.class.path" value="/home/liuxinchi/javalearn/mybatislearn/mybatis-01/target/surefire/surefirebooter11928023085233542190.jar"/>
    <property name="sun.management.compiler" value="HotSpot 64-Bit Tiered Compilers"/>
    <property name="java.runtime.version" value="11.0.10+8-LTS-162"/>
    <property name="user.name" value="liuxinchi"/>
    <property name="path.separator" value=":"/>
    <property name="os.version" value="5.4.0-70-generic"/>
    <property name="java.runtime.name" value="Java(TM) SE Runtime Environment"/>
    <property name="file.encoding" value="UTF-8"/>
    <property name="java.vm.name" value="Java HotSpot(TM) 64-Bit Server VM"/>
    <property name="java.vendor.version" value="18.9"/>
    <property name="localRepository" value="/home/liuxinchi/.m2/repository"/>
    <property name="java.vendor.url.bug" value="https://bugreport.java.com/bugreport/"/>
    <property name="java.io.tmpdir" value="/tmp"/>
    <property name="java.version" value="11.0.10"/>
    <property name="user.dir" value="/home/liuxinchi/javalearn/mybatislearn/mybatis-01"/>
    <property name="os.arch" value="amd64"/>
    <property name="java.vm.specification.name" value="Java Virtual Machine Specification"/>
    <property name="java.awt.printerjob" value="sun.print.PSPrinterJob"/>
    <property name="sun.os.patch.level" value="unknown"/>
    <property name="java.library.path" value="/usr/java/packages/lib:/usr/lib64:/lib64:/lib:/usr/lib"/>
    <property name="java.vendor" value="Oracle Corporation"/>
    <property name="java.vm.info" value="mixed mode"/>
    <property name="java.vm.version" value="11.0.10+8-LTS-162"/>
    <property name="sun.io.unicode.encoding" value="UnicodeLittle"/>
    <property name="java.class.version" value="55.0"/>
  </properties>
  <testcase name="addUser" classname="com.liuxinchi.dao.UserDaoTest" time="2.655"/>
  <testcase name="deletUser" classname="com.liuxinchi.dao.UserDaoTest" time="0"/>
  <testcase name="updataUser" classname="com.liuxinchi.dao.UserDaoTest" time="0"/>
  <testcase name="test" classname="com.liuxinchi.dao.UserDaoTest" time="0.006"/>
  <testcase name="getUserById" classname="com.liuxinchi.dao.UserDaoTest" time="0"/>
  <testcase name="getUserLike" classname="com.liuxinchi.dao.UserDaoTest" time="0.001"/>
</testsuite>